\BOOKMARK [1][-]{section.1}{\376\377\000D\000e\000p\000l\000o\000y\000m\000e\000n\000t\000\040\000D\000e\000t\000a\000i\000l\000s}{}% 1
\BOOKMARK [2][-]{subsection.1.1}{\376\377\000D\000e\000p\000l\000o\000y\000m\000e\000n\000t\000\040\000A\000s\000s\000e\000s\000s\000m\000e\000n\000t}{section.1}% 2
\BOOKMARK [2][-]{subsection.1.2}{\376\377\000C\000o\000m\000m\000e\000n\000t\000s}{section.1}% 3
\BOOKMARK [2][-]{subsection.1.3}{\376\377\000I\000n\000s\000t\000r\000u\000m\000e\000n\000t\000\040\000S\000e\000r\000i\000a\000l\000\040\000N\000u\000m\000b\000e\000r\000s\000\040\000a\000n\000d\000\040\000N\000o\000m\000i\000n\000a\000l\000\040\000D\000e\000p\000t\000h\000s}{section.1}% 4
\BOOKMARK [2][-]{subsection.1.4}{\376\377\000D\000e\000r\000i\000v\000e\000d\000\040\000P\000a\000r\000a\000m\000e\000t\000e\000r\000s}{section.1}% 5
\BOOKMARK [2][-]{subsection.1.5}{\376\377\000I\000n\000s\000t\000r\000u\000m\000e\000n\000t\000\040\000t\000i\000m\000e\000s\000\040\000i\000n\000\040\000/\000\040\000o\000u\000t}{section.1}% 6
\BOOKMARK [2][-]{subsection.1.6}{\376\377\000R\000a\000w\000\040\000F\000i\000l\000e\000\040\000N\000a\000m\000e\000s}{section.1}% 7
\BOOKMARK [2][-]{subsection.1.7}{\376\377\000P\000r\000o\000c\000e\000s\000s\000e\000d\000\040\000F\000i\000l\000e\000\040\000N\000a\000m\000e\000s}{section.1}% 8
\BOOKMARK [2][-]{subsection.1.8}{\376\377\000T\000o\000o\000l\000b\000o\000x\000\040\000V\000e\000r\000s\000i\000o\000n}{section.1}% 9
\BOOKMARK [1][-]{section.2}{\376\377\000P\000l\000o\000t\000s}{}% 10
\BOOKMARK [1][-]{section.3}{\376\377\000Q\000u\000a\000l\000i\000t\000y\000\040\000C\000o\000n\000t\000r\000o\000l}{}% 11
\BOOKMARK [2][-]{subsection.3.1}{\376\377\000S\000E\000A\000B\000I\000R\000D\000\040\000S\000B\000E\0003\0007\000S\000M\000\040\000-\000\040\000M\000i\000c\000r\000o\000C\000A\000T\000\040\000C\000-\000T\000\040\000.\000.\000.\000.\000.\000\040\0001\0001\0004\000\040\000m}{section.3}% 12
\BOOKMARK [3][-]{subsubsection.3.1.1}{\376\377\000Q\000u\000a\000l\000i\000t\000y\000\040\000C\000o\000n\000t\000r\000o\000l\000\040\000L\000o\000g}{subsection.3.1}% 13
\BOOKMARK [3][-]{subsubsection.3.1.2}{\376\377\000H\000i\000s\000t\000o\000r\000y}{subsection.3.1}% 14
\BOOKMARK [2][-]{subsection.3.2}{\376\377\000S\000E\000A\000B\000I\000R\000D\000\040\000S\000B\000E\0003\0007\000S\000M\000\040\000-\000\040\000M\000i\000c\000r\000o\000C\000A\000T\000\040\000C\000-\000T\000\040\000.\000.\000.\000.\000.\000\040\0001\0008\000\040\000m}{section.3}% 15
\BOOKMARK [3][-]{subsubsection.3.2.1}{\376\377\000Q\000u\000a\000l\000i\000t\000y\000\040\000C\000o\000n\000t\000r\000o\000l\000\040\000L\000o\000g}{subsection.3.2}% 16
\BOOKMARK [3][-]{subsubsection.3.2.2}{\376\377\000H\000i\000s\000t\000o\000r\000y}{subsection.3.2}% 17
\BOOKMARK [2][-]{subsection.3.3}{\376\377\000A\000q\000u\000a\000t\000e\000c\000\040\000A\000q\000u\000a\000l\000o\000g\000g\000e\000r\000\040\0005\0002\0000\000T\000\040\0008\0002\000\040\000m}{section.3}% 18
\BOOKMARK [3][-]{subsubsection.3.3.1}{\376\377\000Q\000u\000a\000l\000i\000t\000y\000\040\000C\000o\000n\000t\000r\000o\000l\000\040\000L\000o\000g}{subsection.3.3}% 19
\BOOKMARK [3][-]{subsubsection.3.3.2}{\376\377\000H\000i\000s\000t\000o\000r\000y}{subsection.3.3}% 20
\BOOKMARK [2][-]{subsection.3.4}{\376\377\000A\000q\000u\000a\000t\000e\000c\000\040\000A\000q\000u\000a\000l\000o\000g\000g\000e\000r\000\040\0005\0002\0000\000P\000T\000\040\0001\0008\000\040\000m}{section.3}% 21
\BOOKMARK [3][-]{subsubsection.3.4.1}{\376\377\000Q\000u\000a\000l\000i\000t\000y\000\040\000C\000o\000n\000t\000r\000o\000l\000\040\000L\000o\000g}{subsection.3.4}% 22
\BOOKMARK [3][-]{subsubsection.3.4.2}{\376\377\000H\000i\000s\000t\000o\000r\000y}{subsection.3.4}% 23
\BOOKMARK [2][-]{subsection.3.5}{\376\377\000A\000q\000u\000a\000t\000e\000c\000\040\000A\000q\000u\000a\000l\000o\000g\000g\000e\000r\000\040\0005\0002\0000\000T\000\040\0007\0004\000\040\000m}{section.3}% 24
\BOOKMARK [3][-]{subsubsection.3.5.1}{\376\377\000Q\000u\000a\000l\000i\000t\000y\000\040\000C\000o\000n\000t\000r\000o\000l\000\040\000L\000o\000g}{subsection.3.5}% 25
\BOOKMARK [3][-]{subsubsection.3.5.2}{\376\377\000H\000i\000s\000t\000o\000r\000y}{subsection.3.5}% 26
\BOOKMARK [2][-]{subsection.3.6}{\376\377\000A\000q\000u\000a\000t\000e\000c\000\040\000A\000q\000u\000a\000l\000o\000g\000g\000e\000r\000\040\0005\0002\0000\000P\000T\000\040\0003\0004\000\040\000m}{section.3}% 27
\BOOKMARK [3][-]{subsubsection.3.6.1}{\376\377\000Q\000u\000a\000l\000i\000t\000y\000\040\000C\000o\000n\000t\000r\000o\000l\000\040\000L\000o\000g}{subsection.3.6}% 28
\BOOKMARK [3][-]{subsubsection.3.6.2}{\376\377\000H\000i\000s\000t\000o\000r\000y}{subsection.3.6}% 29
\BOOKMARK [2][-]{subsection.3.7}{\376\377\000A\000q\000u\000a\000t\000e\000c\000\040\000A\000q\000u\000a\000l\000o\000g\000g\000e\000r\000\040\0005\0002\0000\000T\000\040\0005\0008\000\040\000m}{section.3}% 30
\BOOKMARK [3][-]{subsubsection.3.7.1}{\376\377\000Q\000u\000a\000l\000i\000t\000y\000\040\000C\000o\000n\000t\000r\000o\000l\000\040\000L\000o\000g}{subsection.3.7}% 31
\BOOKMARK [3][-]{subsubsection.3.7.2}{\376\377\000H\000i\000s\000t\000o\000r\000y}{subsection.3.7}% 32
\BOOKMARK [2][-]{subsection.3.8}{\376\377\000A\000q\000u\000a\000t\000e\000c\000\040\000A\000q\000u\000a\000l\000o\000g\000g\000e\000r\000\040\0005\0002\0000\000P\000T\000\040\0001\0001\0004\000\040\000m}{section.3}% 33
\BOOKMARK [3][-]{subsubsection.3.8.1}{\376\377\000Q\000u\000a\000l\000i\000t\000y\000\040\000C\000o\000n\000t\000r\000o\000l\000\040\000L\000o\000g}{subsection.3.8}% 34
\BOOKMARK [3][-]{subsubsection.3.8.2}{\376\377\000H\000i\000s\000t\000o\000r\000y}{subsection.3.8}% 35
\BOOKMARK [2][-]{subsection.3.9}{\376\377\000A\000q\000u\000a\000t\000e\000c\000\040\000A\000q\000u\000a\000l\000o\000g\000g\000e\000r\000\040\0005\0002\0000\000P\000T\000\040\0009\0000\000\040\000m}{section.3}% 36
\BOOKMARK [3][-]{subsubsection.3.9.1}{\376\377\000Q\000u\000a\000l\000i\000t\000y\000\040\000C\000o\000n\000t\000r\000o\000l\000\040\000L\000o\000g}{subsection.3.9}% 37
\BOOKMARK [3][-]{subsubsection.3.9.2}{\376\377\000H\000i\000s\000t\000o\000r\000y}{subsection.3.9}% 38
\BOOKMARK [2][-]{subsection.3.10}{\376\377\000A\000q\000u\000a\000t\000e\000c\000\040\000A\000q\000u\000a\000l\000o\000g\000g\000e\000r\000\040\0005\0002\0000\000P\000T\000\040\0002\0006\000\040\000m}{section.3}% 39
\BOOKMARK [3][-]{subsubsection.3.10.1}{\376\377\000Q\000u\000a\000l\000i\000t\000y\000\040\000C\000o\000n\000t\000r\000o\000l\000\040\000L\000o\000g}{subsection.3.10}% 40
\BOOKMARK [3][-]{subsubsection.3.10.2}{\376\377\000H\000i\000s\000t\000o\000r\000y}{subsection.3.10}% 41
\BOOKMARK [2][-]{subsection.3.11}{\376\377\000A\000q\000u\000a\000t\000e\000c\000\040\000A\000q\000u\000a\000l\000o\000g\000g\000e\000r\000\040\0005\0002\0000\000T\000\040\0005\0000\000\040\000m}{section.3}% 42
\BOOKMARK [3][-]{subsubsection.3.11.1}{\376\377\000Q\000u\000a\000l\000i\000t\000y\000\040\000C\000o\000n\000t\000r\000o\000l\000\040\000L\000o\000g}{subsection.3.11}% 43
\BOOKMARK [3][-]{subsubsection.3.11.2}{\376\377\000H\000i\000s\000t\000o\000r\000y}{subsection.3.11}% 44
\BOOKMARK [2][-]{subsection.3.12}{\376\377\000A\000q\000u\000a\000t\000e\000c\000\040\000A\000q\000u\000a\000l\000o\000g\000g\000e\000r\000\040\0005\0002\0000\000P\000T\000\040\0006\0006\000\040\000m}{section.3}% 45
\BOOKMARK [3][-]{subsubsection.3.12.1}{\376\377\000Q\000u\000a\000l\000i\000t\000y\000\040\000C\000o\000n\000t\000r\000o\000l\000\040\000L\000o\000g}{subsection.3.12}% 46
\BOOKMARK [3][-]{subsubsection.3.12.2}{\376\377\000H\000i\000s\000t\000o\000r\000y}{subsection.3.12}% 47
\BOOKMARK [2][-]{subsection.3.13}{\376\377\000A\000q\000u\000a\000t\000e\000c\000\040\000A\000q\000u\000a\000l\000o\000g\000g\000e\000r\000\040\0005\0002\0000\000T\000\040\0004\0002\000\040\000m}{section.3}% 48
\BOOKMARK [3][-]{subsubsection.3.13.1}{\376\377\000Q\000u\000a\000l\000i\000t\000y\000\040\000C\000o\000n\000t\000r\000o\000l\000\040\000L\000o\000g}{subsection.3.13}% 49
\BOOKMARK [3][-]{subsubsection.3.13.2}{\376\377\000H\000i\000s\000t\000o\000r\000y}{subsection.3.13}% 50
\BOOKMARK [2][-]{subsection.3.14}{\376\377\000T\000e\000l\000e\000d\000y\000n\000e\000\040\000R\000D\000\040\000s\000e\000n\000t\000i\000n\000e\000l\000\040\0001\0001\0007\000.\0009\000\040\000m}{section.3}% 51
\BOOKMARK [3][-]{subsubsection.3.14.1}{\376\377\000Q\000u\000a\000l\000i\000t\000y\000\040\000C\000o\000n\000t\000r\000o\000l\000\040\000L\000o\000g}{subsection.3.14}% 52
\BOOKMARK [3][-]{subsubsection.3.14.2}{\376\377\000H\000i\000s\000t\000o\000r\000y}{subsection.3.14}% 53
\BOOKMARK [1][-]{section.4}{\376\377\000T\000o\000o\000l\000b\000o\000x\000\040\000P\000l\000o\000t\000s}{}% 54
\BOOKMARK [1][-]{section.5}{\376\377\000M\000o\000o\000r\000i\000n\000g\000\040\000D\000i\000a\000g\000r\000a\000m}{}% 55
